<?xml version="1.0" encoding="UTF-8"?>
<!-- Generated by org.testng.reporters.JUnitXMLReporter -->
<testsuite ignored="4" hostname="DESKTOP-FLH9LGC" failures="0" tests="1" name="Default test" time="4.258" errors="0" timestamp="2022-03-28T20:47:13 IST">
  <testcase classname="com.test.Logintest" name="withoutUsername" time="4.203"/>
  <testcase classname="com.test.Logintest" name="validPassword" time="0.0">
    <ignored/>
  </testcase> <!-- validPassword -->
  <testcase classname="com.test.Logintest" name="withoutPassword" time="0.0">
    <ignored/>
  </testcase> <!-- withoutPassword -->
  <testcase classname="com.test.Logintest" name="invalidPassword" time="0.0">
    <ignored/>
  </testcase> <!-- invalidPassword -->
  <testcase classname="com.test.Logintest" name="invalidUsername" time="0.0">
    <ignored/>
  </testcase> <!-- invalidUsername -->
</testsuite> <!-- Default test -->
