<?xml version="1.0" encoding="UTF-8"?>
<testng-results ignored="4" total="5" passed="1" failed="0" skipped="0">
  <reporter-output>
  </reporter-output>
  <suite started-at="2022-03-28T20:47:09 IST" name="Default suite" finished-at="2022-03-28T20:47:13 IST" duration-ms="4258">
    <groups>
    </groups>
    <test started-at="2022-03-28T20:47:09 IST" name="Default test" finished-at="2022-03-28T20:47:13 IST" duration-ms="4258">
      <class name="com.test.Logintest">
        <test-method is-config="true" signature="initiate()[pri:0, instance:com.test.Logintest@6da21078]" started-at="2022-03-28T20:47:05 IST" name="initiate" finished-at="2022-03-28T20:47:09 IST" duration-ms="4359" status="PASS">
          <reporter-output>
          </reporter-output>
        </test-method> <!-- initiate -->
        <test-method is-config="true" signature="beforeTest()[pri:0, instance:com.test.Logintest@6da21078]" started-at="2022-03-28T20:47:09 IST" name="beforeTest" finished-at="2022-03-28T20:47:09 IST" duration-ms="3" status="PASS">
          <reporter-output>
          </reporter-output>
        </test-method> <!-- beforeTest -->
        <test-method signature="withoutUsername()[pri:1, instance:com.test.Logintest@6da21078]" started-at="2022-03-28T20:47:09 IST" name="withoutUsername" finished-at="2022-03-28T20:47:13 IST" duration-ms="4203" status="PASS">
          <reporter-output>
          </reporter-output>
        </test-method> <!-- withoutUsername -->
        <test-method is-config="true" signature="terminate()[pri:0, instance:com.test.Logintest@6da21078]" started-at="2022-03-28T20:47:13 IST" name="terminate" finished-at="2022-03-28T20:47:14 IST" duration-ms="871" status="PASS">
          <reporter-output>
          </reporter-output>
        </test-method> <!-- terminate -->
      </class> <!-- com.test.Logintest -->
    </test> <!-- Default test -->
  </suite> <!-- Default suite -->
</testng-results>
